[LOG] System::create                           : Header version = 2.00.07. Current version = 2.00.07.
[LOG] Manager::init                            : maxchannels = 256 studioflags = 00000006 flags 00000000 extradriverdata 0000000000000000.
[LOG] SystemI::init                            : Initialize version=20007 (107206), maxchannels=256, flags=0x00020000
[LOG] SystemI::setOutputInternal               : Setting output to 'FMOD WASAPI Output'
[LOG] OutputWASAPI::init                       : Mix Format (WAVEFORMATEX): wFormatTag=0xFFFE, nChannels=2, nSamplesPerSec=48000, nAvgBytesPerSec=384000, nBlockAlign=8, wBitsPerSample=32, cbSize=22.
[LOG] OutputWASAPI::init                       : Mix Format (WAVEFORMATEXTENSIBLE): wValidBitsPerSample=32, dwChannelMask=0x00000003, SubFormat=00000003-0000-0010-8000-00AA00389B71.
[LOG] OutputWASAPI::init                       : Output buffer size: 4096 samples, latency: 0.00ms, period: 10.00ms, DSP buffer: 1024 * 4
[LOG] Thread::initThread                       : Init FMOD stream thread. Priority: 2, Stack Size: 98304, Semaphore: No, Sleep Time: 10, Looping: Yes.
[LOG] Thread::initThread                       : Init FMOD mixer thread. Priority: 3, Stack Size: 81920, Semaphore: No, Sleep Time: 0, Looping: Yes.
[LOG] AsyncManager::init                       : manager 0000022E5E63A5F8 isAsync 0 updatePeriod 0.02
[LOG] AsyncManager::init                       : done
[LOG] PlaybackSystem::init                     : 
[LOG] Thread::initThread                       : Init FMOD Studio sample load thread. Priority: 0, Stack Size: 98304, Semaphore: No, Sleep Time: 1, Looping: No.
[LOG] PlaybackSystem::init                     : done
[LOG] Thread::initThread                       : Init FMOD Studio bank load thread. Priority: 0, Stack Size: 98304, Semaphore: No, Sleep Time: 1, Looping: No.
[LOG] Manager::init                            : done.
[LOG] Manager::readBank                        : fileversion = 125, compatVersion = 119 (oldest = 44, newest = 125)
[LOG] SystemI::createSoundInternal             : Create name='', mode=0x02000202
[LOG] SystemI::createSoundInternal             : exinfo->cbsize             = 224
[LOG] SystemI::createSoundInternal             : exinfo->length             = 3720192
[LOG] SystemI::createSoundInternal             : exinfo->fileoffset         = 9312
[LOG] SystemI::createSoundInternal             : exinfo->numsubsounds       = 1
[LOG] SystemI::createSoundInternal             : exinfo->inclusionlist      = 000000C3E825F55C
[LOG] SystemI::createSoundInternal             : exinfo->inclusionlistnum   = 1
[LOG] SystemI::createSoundInternal             : exinfo->suggestedsoundtype = 5
[LOG] SystemI::createSoundInternal             : exinfo->useropen           = 00007FFB631C8630
[LOG] SystemI::createSoundInternal             : exinfo->userclose          = 00007FFB631C8600
[LOG] SystemI::createSoundInternal             : exinfo->userread           = 00007FFB631C8700
[LOG] SystemI::createSoundInternal             : exinfo->userseek           = 00007FFB631C87C0
[LOG] SystemI::createSoundInternal             : exinfo->fileuserdata       = 0000022DD9466538
[LOG] SystemI::createSoundInternal             : exinfo->initialseekpostype = 1
[LOG] SystemI::DSPCodecPoolRegister            : register codec pool for pool type 5
[LOG] SystemI::createSoundInternal             : Sample 0/1: name='footstep_single_dirt_01_v03', format=2, channels=1, frequency=48000, lengthbytes=3936, lengthpcm=20340, pcmblocksize=0, loopstart=0, loopend=0, mode=0x00000000, channelmask=0x00000000, channelorder=0, peakvolume=0.265005.
[LOG] SystemI::createSoundInternal             : Create name='', mode=0x02000202
[LOG] SystemI::createSoundInternal             : exinfo->cbsize             = 224
[LOG] SystemI::createSoundInternal             : exinfo->length             = 3720192
[LOG] SystemI::createSoundInternal             : exinfo->fileoffset         = 9312
[LOG] SystemI::createSoundInternal             : exinfo->numsubsounds       = 1
[LOG] SystemI::createSoundInternal             : exinfo->inclusionlist      = 000000C3E825F55C
[LOG] SystemI::createSoundInternal             : exinfo->inclusionlistnum   = 1
[LOG] SystemI::createSoundInternal             : exinfo->suggestedsoundtype = 5
[LOG] SystemI::createSoundInternal             : exinfo->useropen           = 00007FFB631C8630
[LOG] SystemI::createSoundInternal             : exinfo->userclose          = 00007FFB631C8600
[LOG] SystemI::createSoundInternal             : exinfo->userread           = 00007FFB631C8700
[LOG] SystemI::createSoundInternal             : exinfo->userseek           = 00007FFB631C87C0
[LOG] SystemI::createSoundInternal             : exinfo->fileuserdata       = 0000022DD9466538
[LOG] SystemI::createSoundInternal             : exinfo->initialseekpostype = 1
[LOG] SystemI::DSPCodecPoolRegister            : register codec pool for pool type 5
[LOG] SystemI::createSoundInternal             : Sample 0/1: name='footstep_single_dirt_01_v02', format=2, channels=1, frequency=48000, lengthbytes=4352, lengthpcm=22500, pcmblocksize=0, loopstart=0, loopend=0, mode=0x00000000, channelmask=0x00000000, channelorder=0, peakvolume=0.370032.
[LOG] SystemI::createSoundInternal             : Create name='', mode=0x02000202
[LOG] SystemI::createSoundInternal             : exinfo->cbsize             = 224
[LOG] SystemI::createSoundInternal             : exinfo->length             = 3720192
[LOG] SystemI::createSoundInternal             : exinfo->fileoffset         = 9312
[LOG] SystemI::createSoundInternal             : exinfo->numsubsounds       = 1
[LOG] SystemI::createSoundInternal             : exinfo->inclusionlist      = 000000C3E825F55C
[LOG] SystemI::createSoundInternal             : exinfo->inclusionlistnum   = 1
[LOG] SystemI::createSoundInternal             : exinfo->suggestedsoundtype = 5
[LOG] SystemI::createSoundInternal             : exinfo->useropen           = 00007FFB631C8630
[LOG] SystemI::createSoundInternal             : exinfo->userclose          = 00007FFB631C8600
[LOG] SystemI::createSoundInternal             : exinfo->userread           = 00007FFB631C8700
[LOG] SystemI::createSoundInternal             : exinfo->userseek           = 00007FFB631C87C0
[LOG] SystemI::createSoundInternal             : exinfo->fileuserdata       = 0000022DD9466538
[LOG] SystemI::createSoundInternal             : exinfo->initialseekpostype = 1
[LOG] SystemI::DSPCodecPoolRegister            : register codec pool for pool type 5
[LOG] SystemI::createSoundInternal             : Sample 0/1: name='footstep_single_dirt_01_v04', format=2, channels=1, frequency=48000, lengthbytes=3744, lengthpcm=18076, pcmblocksize=0, loopstart=0, loopend=0, mode=0x00000000, channelmask=0x00000000, channelorder=0, peakvolume=0.197507.
[LOG] SystemI::createSoundInternal             : Create name='', mode=0x02000202
[LOG] SystemI::createSoundInternal             : exinfo->cbsize             = 224
[LOG] SystemI::createSoundInternal             : exinfo->length             = 3720192
[LOG] SystemI::createSoundInternal             : exinfo->fileoffset         = 9312
[LOG] SystemI::createSoundInternal             : exinfo->numsubsounds       = 1
[LOG] SystemI::createSoundInternal             : exinfo->inclusionlist      = 000000C3E825F55C
[LOG] SystemI::createSoundInternal             : exinfo->inclusionlistnum   = 1
[LOG] SystemI::createSoundInternal             : exinfo->suggestedsoundtype = 5
[LOG] SystemI::createSoundInternal             : exinfo->useropen           = 00007FFB631C8630
[LOG] SystemI::createSoundInternal             : exinfo->userclose          = 00007FFB631C8600
[LOG] SystemI::createSoundInternal             : exinfo->userread           = 00007FFB631C8700
[LOG] SystemI::createSoundInternal             : exinfo->userseek           = 00007FFB631C87C0
[LOG] SystemI::createSoundInternal             : exinfo->fileuserdata       = 0000022DD9466538
[LOG] SystemI::createSoundInternal             : exinfo->initialseekpostype = 1
[LOG] SystemI::DSPCodecPoolRegister            : register codec pool for pool type 5
[LOG] SystemI::createSoundInternal             : Sample 0/1: name='footstep_single_dirt_01_v01', format=2, channels=1, frequency=48000, lengthbytes=3584, lengthpcm=17589, pcmblocksize=0, loopstart=0, loopend=0, mode=0x00000000, channelmask=0x00000000, channelorder=0, peakvolume=0.160563.
[LOG] SystemI::createSoundInternal             : Create name='', mode=0x02000202
[LOG] SystemI::createSoundInternal             : exinfo->cbsize             = 224
[LOG] SystemI::createSoundInternal             : exinfo->length             = 3720192
[LOG] SystemI::createSoundInternal             : exinfo->fileoffset         = 9312
[LOG] SystemI::createSoundInternal             : exinfo->numsubsounds       = 1
[LOG] SystemI::createSoundInternal             : exinfo->inclusionlist      = 000000C3E825F55C
[LOG] SystemI::createSoundInternal             : exinfo->inclusionlistnum   = 1
[LOG] SystemI::createSoundInternal             : exinfo->suggestedsoundtype = 5
[LOG] SystemI::createSoundInternal             : exinfo->useropen           = 00007FFB631C8630
[LOG] SystemI::createSoundInternal             : exinfo->userclose          = 00007FFB631C8600
[LOG] SystemI::createSoundInternal             : exinfo->userread           = 00007FFB631C8700
[LOG] SystemI::createSoundInternal             : exinfo->userseek           = 00007FFB631C87C0
[LOG] SystemI::createSoundInternal             : exinfo->fileuserdata       = 0000022E67A61CE8
[LOG] SystemI::createSoundInternal             : exinfo->initialseekpostype = 1
[LOG] SystemI::DSPCodecPoolRegister            : register codec pool for pool type 5
[LOG] SystemI::createSoundInternal             : Sample 0/1: name='Dashing', format=2, channels=2, frequency=48000, lengthbytes=3200, lengthpcm=13824, pcmblocksize=0, loopstart=0, loopend=0, mode=0x00000000, channelmask=0x00000000, channelorder=0, peakvolume=0.714996.
[LOG] SystemI::createSoundInternal             : Create name='', mode=0x02000202
[LOG] SystemI::createSoundInternal             : exinfo->cbsize             = 224
[LOG] SystemI::createSoundInternal             : exinfo->length             = 3720192
[LOG] SystemI::createSoundInternal             : exinfo->fileoffset         = 9312
[LOG] SystemI::createSoundInternal             : exinfo->numsubsounds       = 1
[LOG] SystemI::createSoundInternal             : exinfo->inclusionlist      = 000000C3E825F55C
[LOG] SystemI::createSoundInternal             : exinfo->inclusionlistnum   = 1
[LOG] SystemI::createSoundInternal             : exinfo->suggestedsoundtype = 5
[LOG] SystemI::createSoundInternal             : exinfo->useropen           = 00007FFB631C8630
[LOG] SystemI::createSoundInternal             : exinfo->userclose          = 00007FFB631C8600
[LOG] SystemI::createSoundInternal             : exinfo->userread           = 00007FFB631C8700
[LOG] SystemI::createSoundInternal             : exinfo->userseek           = 00007FFB631C87C0
[LOG] SystemI::createSoundInternal             : exinfo->fileuserdata       = 0000022EACA2B568
[LOG] SystemI::createSoundInternal             : exinfo->initialseekpostype = 1
[LOG] SystemI::DSPCodecPoolRegister            : register codec pool for pool type 5
[LOG] SystemI::createSoundInternal             : Sample 0/1: name='418552__14fpanskabubik-lukas__kicking-the-ball', format=2, channels=2, frequency=48000, lengthbytes=7968, lengthpcm=70274, pcmblocksize=0, loopstart=0, loopend=0, mode=0x00000000, channelmask=0x00000000, channelorder=0, peakvolume=0.379837.
[LOG] Manager::readBank                        : fileversion = 125, compatVersion = 119 (oldest = 44, newest = 125)
[LOG] SystemI::createSoundInternal             : Create name='', mode=0x02000202
[LOG] SystemI::createSoundInternal             : exinfo->cbsize             = 224
[LOG] SystemI::createSoundInternal             : exinfo->length             = 3720192
[LOG] SystemI::createSoundInternal             : exinfo->fileoffset         = 9312
[LOG] SystemI::createSoundInternal             : exinfo->numsubsounds       = 1
[LOG] SystemI::createSoundInternal             : exinfo->inclusionlist      = 000000C3E825F55C
[LOG] SystemI::createSoundInternal             : exinfo->inclusionlistnum   = 1
[LOG] SystemI::createSoundInternal             : exinfo->suggestedsoundtype = 5
[LOG] SystemI::createSoundInternal             : exinfo->useropen           = 00007FFB631C8630
[LOG] SystemI::createSoundInternal             : exinfo->userclose          = 00007FFB631C8600
[LOG] SystemI::createSoundInternal             : exinfo->userread           = 00007FFB631C8700
[LOG] SystemI::createSoundInternal             : exinfo->userseek           = 00007FFB631C87C0
[LOG] SystemI::createSoundInternal             : exinfo->fileuserdata       = 0000022DD9465F08
[LOG] SystemI::createSoundInternal             : exinfo->initialseekpostype = 1
[LOG] SystemI::DSPCodecPoolRegister            : register codec pool for pool type 5
[LOG] SystemI::createSoundInternal             : Sample 0/1: name='60445__jobro__tada3', format=2, channels=2, frequency=48000, lengthbytes=42592, lengthpcm=165000, pcmblocksize=0, loopstart=0, loopend=164785, mode=0x00000000, channelmask=0x00000000, channelorder=0, peakvolume=0.185516.
[LOG] Manager::readBank                        : fileversion = 125, compatVersion = 119 (oldest = 44, newest = 125)
[LOG] SystemI::createSoundInternal             : Create name='', mode=0x02000202
[LOG] SystemI::createSoundInternal             : exinfo->cbsize             = 224
[LOG] SystemI::createSoundInternal             : exinfo->length             = 3720192
[LOG] SystemI::createSoundInternal             : exinfo->fileoffset         = 9312
[LOG] SystemI::createSoundInternal             : exinfo->numsubsounds       = 1
[LOG] SystemI::createSoundInternal             : exinfo->inclusionlist      = 000000C3E825F55C
[LOG] SystemI::createSoundInternal             : exinfo->inclusionlistnum   = 1
[LOG] SystemI::createSoundInternal             : exinfo->suggestedsoundtype = 5
[LOG] SystemI::createSoundInternal             : exinfo->useropen           = 00007FFB631C8630
[LOG] SystemI::createSoundInternal             : exinfo->userclose          = 00007FFB631C8600
[LOG] SystemI::createSoundInternal             : exinfo->userread           = 00007FFB631C8700
[LOG] SystemI::createSoundInternal             : exinfo->userseek           = 00007FFB631C87C0
[LOG] SystemI::createSoundInternal             : exinfo->fileuserdata       = 0000022EAD2F3208
[LOG] SystemI::createSoundInternal             : exinfo->initialseekpostype = 1
[LOG] SystemI::DSPCodecPoolRegister            : register codec pool for pool type 5
[LOG] SystemI::createSoundInternal             : Sample 0/1: name='Hammering-J_Blow-2014925903', format=2, channels=2, frequency=48000, lengthbytes=87968, lengthpcm=335355, pcmblocksize=0, loopstart=0, loopend=0, mode=0x00000000, channelmask=0x00000000, channelorder=0, peakvolume=0.999969.
[LOG] Manager::readBank                        : fileversion = 125, compatVersion = 119 (oldest = 44, newest = 125)
[LOG] Manager::readBank                        : fileversion = 125, compatVersion = 119 (oldest = 44, newest = 125)
[LOG] Manager::readBank                        : fileversion = 125, compatVersion = 119 (oldest = 44, newest = 125)
[LOG] Manager::readBank                        : fileversion = 125, compatVersion = 119 (oldest = 44, newest = 125)
[LOG] Manager::readBank                        : fileversion = 125, compatVersion = 119 (oldest = 44, newest = 125)
[LOG] SystemI::createSoundInternal             : Create name='', mode=0x02000202
[LOG] SystemI::createSoundInternal             : exinfo->cbsize             = 224
[LOG] SystemI::createSoundInternal             : exinfo->length             = 3720192
[LOG] SystemI::createSoundInternal             : exinfo->fileoffset         = 9312
[LOG] SystemI::createSoundInternal             : exinfo->numsubsounds       = 1
[LOG] SystemI::createSoundInternal             : exinfo->inclusionlist      = 000000C3E825F55C
[LOG] SystemI::createSoundInternal             : exinfo->inclusionlistnum   = 1
[LOG] SystemI::createSoundInternal             : exinfo->suggestedsoundtype = 5
[LOG] SystemI::createSoundInternal             : exinfo->useropen           = 00007FFB631C8630
[LOG] SystemI::createSoundInternal             : exinfo->userclose          = 00007FFB631C8600
[LOG] SystemI::createSoundInternal             : exinfo->userread           = 00007FFB631C8700
[LOG] SystemI::createSoundInternal             : exinfo->userseek           = 00007FFB631C87C0
[LOG] SystemI::createSoundInternal             : exinfo->fileuserdata       = 0000022DD95BD9E8
[LOG] SystemI::createSoundInternal             : exinfo->initialseekpostype = 1
[LOG] SystemI::DSPCodecPoolRegister            : register codec pool for pool type 5
[LOG] SystemI::createSoundInternal             : Sample 0/1: name='456963__funwithsound__failure-drum-sound-effect-2', format=2, channels=2, frequency=48000, lengthbytes=28992, lengthpcm=116352, pcmblocksize=0, loopstart=0, loopend=0, mode=0x00000000, channelmask=0x00000000, channelorder=0, peakvolume=0.941254.
[LOG] SoundI::release                          : BGM (0000022EACE6F2A8)
[LOG] SoundI::release                          :     BGM (0000022E376A8C18)
[LOG] SoundI::release                          :     BGM (0000022E3782E178)
[LOG] SoundI::release                          :  (0000022E66800C08)
[LOG] SoundI::release                          :     60445__jobro__tada3 (0000022EAD0D86E8)
[LOG] SoundI::release                          :  (0000022E66800D78)
[LOG] SoundI::release                          :     Hammering-J_Blow-2014925903 (0000022E376A8598)
[LOG] SoundI::release                          :  (0000022E66801058)
[LOG] SoundI::release                          :     Dashing (0000022E66B2B2A8)
[LOG] SoundI::release                          :  (0000022E668018F8)
[LOG] SoundI::release                          :     418552__14fpanskabubik-lukas__kicking-the-ball (0000022E7EAB5068)
[LOG] SoundI::release                          :  (0000022E66803E58)
[LOG] SoundI::release                          :     footstep_single_dirt_01_v01 (0000022EAD0D8068)
[LOG] SoundI::release                          :  (0000022E66802D18)
[LOG] SoundI::release                          :     footstep_single_dirt_01_v02 (0000022EAD0D8208)
[LOG] SoundI::release                          :  (0000022E66800928)
[LOG] SoundI::release                          :     footstep_single_dirt_01_v03 (0000022EAD0D8BC8)
[LOG] SoundI::release                          :  (0000022E66802E88)
[LOG] SoundI::release                          :     footstep_single_dirt_01_v04 (0000022EAD0D8D68)
[LOG] SoundI::release                          :  (0000022E66802478)
[LOG] SoundI::release                          :     456963__funwithsound__failure-drum-sound-effect-2 (0000022E675499C8)
[LOG] Thread::callback                         : FMOD Studio update thread finished.
[LOG] Thread::callback                         : FMOD Studio bank load thread finished.
[LOG] Profile::disconnectAll                   : Profiler disconnecting all clients
[LOG] Thread::callback                         : FMOD Studio sample load thread finished.
[LOG] LiveUpdate::release                      : 
[LOG] LiveUpdate::reset                        : Reset connection (reason Disconnected)
[LOG] Thread::callback                         : FMOD stream thread finished.
[LOG] Thread::callback                         : FMOD mixer thread finished.
[LOG] Profile::disconnectAll                   : Profiler disconnecting all clients
[LOG] SystemI::close                           : Closed.
[LOG] Manager::readBank                        : fileversion = 125, compatVersion = 119 (oldest = 44, newest = 125)
[LOG] Manager::readBank                        : fileversion = 125, compatVersion = 119 (oldest = 44, newest = 125)
[LOG] Manager::readBank                        : fileversion = 125, compatVersion = 119 (oldest = 44, newest = 125)
[LOG] PlaybackSystem::acquireMasterBus         : Setting master channel group format to 6
[LOG] Thread::callback                         : FMOD Studio bank load thread finished.
[LOG] Thread::callback                         : FMOD Studio sample load thread finished.
[LOG] LiveUpdate::release                      : 
[LOG] LiveUpdate::reset                        : Reset connection (reason Disconnected)
[LOG] Thread::callback                         : FMOD stream thread finished.
[LOG] Thread::callback                         : FMOD mixer thread finished.
[LOG] Thread::callback                         : FMOD nonblocking thread (0) finished.
[LOG] Thread::callback                         : FMOD file thread finished.
[LOG] SystemI::close                           : Closed.
